INFO main de.nrw.hbz.edoweb2.digitool.pidreporter.OaiPidGrabber - Start harvesting http://klio.hbz-nrw.de:1801/edowebOAI/ !
INFO main de.nrw.hbz.edoweb2.digitool.pidreporter.OaiPidGrabber - Harvest all Records! No from= Parameter set!
INFO main de.nrw.hbz.edoweb2.digitool.pidreporter.OaiPidGrabber - Set spec is edoweb-oai_dc-all !
INFO main de.nrw.hbz.edoweb2.digitool.pidreporter.OaiPidGrabber - Harvest Date 2012-10-09T13:54:56Z !
INFO main de.nrw.hbz.edoweb2.digitool.pidreporter.OaiPidGrabber - Found 3776 pids !
INFO main Main - Verarbeite 3776 Dateneinheiten.
INFO main Main - Erzeuge ca. 64192 Fedoraobjekte.
INFO main Main - 0

INFO main de.nrw.hbz.edoweb2.digitool.downloader.DigitoolDownloader - Directory /home/jan/edoweb/test/1637992 exists. Step over.
INFO main Main - 	Build Bean 	1637992
INFO main Main - 1

INFO main de.nrw.hbz.edoweb2.digitool.downloader.DigitoolDownloader - Directory /home/jan/edoweb/test/1637994 exists. Step over.
INFO main Main - 	Build Bean 	1637994
INFO main Main - 2

INFO main de.nrw.hbz.edoweb2.digitool.downloader.DigitoolDownloader - Directory /home/jan/edoweb/test/1637996 exists. Step over.
INFO main Main - 	Build Bean 	1637996
INFO main Main - 3

INFO main de.nrw.hbz.edoweb2.digitool.downloader.DigitoolDownloader - Directory /home/jan/edoweb/test/1637998 exists. Step over.
INFO main Main - 	Build Bean 	1637998
INFO main Main - 4

INFO main de.nrw.hbz.edoweb2.digitool.downloader.DigitoolDownloader - Directory /home/jan/edoweb/test/1638000 exists. Step over.
INFO main Main - 	Build Bean 	1638000
INFO main Main - 5

INFO main de.nrw.hbz.edoweb2.digitool.downloader.DigitoolDownloader - Directory /home/jan/edoweb/test/1638002 exists. Step over.
INFO main Main - 	Build Bean 	1638002
INFO main Main - 6

INFO main de.nrw.hbz.edoweb2.digitool.downloader.DigitoolDownloader - Directory /home/jan/edoweb/test/1638004 exists. Step over.
INFO main Main - 	Build Bean 	1638004
INFO main Main - 7

INFO main de.nrw.hbz.edoweb2.digitool.downloader.DigitoolDownloader - Directory /home/jan/edoweb/test/1638006 exists. Step over.
INFO main Main - 	Build Bean 	1638006
INFO main Main - 8

INFO main de.nrw.hbz.edoweb2.digitool.downloader.DigitoolDownloader - Directory /home/jan/edoweb/test/1638008 exists. Step over.
INFO main Main - 	Build Bean 	1638008
INFO main Main - 9

INFO main de.nrw.hbz.edoweb2.digitool.downloader.DigitoolDownloader - Directory /home/jan/edoweb/test/1638010 exists. Step over.
INFO main Main - 	Build Bean 	1638010
INFO main Main - 10

INFO main de.nrw.hbz.edoweb2.digitool.downloader.DigitoolDownloader - Directory /home/jan/edoweb/test/1638012 exists. Step over.
INFO main Main - 	Build Bean 	1638012
INFO main Main - 11

INFO main de.nrw.hbz.edoweb2.digitool.downloader.DigitoolDownloader - Directory /home/jan/edoweb/test/1638014 exists. Step over.
INFO main Main - 	Build Bean 	1638014
INFO main Main - 12

INFO main de.nrw.hbz.edoweb2.digitool.downloader.DigitoolDownloader - Directory /home/jan/edoweb/test/1638016 exists. Step over.
INFO main Main - 	Build Bean 	1638016
INFO main Main - 13

INFO main de.nrw.hbz.edoweb2.digitool.downloader.DigitoolDownloader - Directory /home/jan/edoweb/test/1638018 exists. Step over.
INFO main Main - 	Build Bean 	1638018
INFO main Main - 14

INFO main de.nrw.hbz.edoweb2.digitool.downloader.DigitoolDownloader - Directory /home/jan/edoweb/test/1638020 exists. Step over.
INFO main Main - 	Build Bean 	1638020
INFO main Main - 15

INFO main de.nrw.hbz.edoweb2.digitool.downloader.DigitoolDownloader - Directory /home/jan/edoweb/test/1638022 exists. Step over.
INFO main Main - 	Build Bean 	1638022
INFO main Main - 16

INFO main de.nrw.hbz.edoweb2.digitool.downloader.DigitoolDownloader - Directory /home/jan/edoweb/test/1638024 exists. Step over.
INFO main Main - 	Build Bean 	1638024
INFO main Main - 17

INFO main de.nrw.hbz.edoweb2.digitool.downloader.DigitoolDownloader - Directory /home/jan/edoweb/test/1638026 exists. Step over.
INFO main Main - 	Build Bean 	1638026
INFO main Main - 18

INFO main de.nrw.hbz.edoweb2.digitool.downloader.DigitoolDownloader - Directory /home/jan/edoweb/test/1638028 exists. Step over.
INFO main Main - 	Build Bean 	1638028
INFO main Main - 19

INFO main de.nrw.hbz.edoweb2.digitool.downloader.DigitoolDownloader - Directory /home/jan/edoweb/test/1638030 exists. Step over.
INFO main Main - 	Build Bean 	1638030
INFO main Main - 20

INFO main de.nrw.hbz.edoweb2.digitool.downloader.DigitoolDownloader - Directory /home/jan/edoweb/test/1638032 exists. Step over.
INFO main Main - 	Build Bean 	1638032
INFO main Main - 21

INFO main de.nrw.hbz.edoweb2.digitool.downloader.DigitoolDownloader - Directory /home/jan/edoweb/test/1638034 exists. Step over.
INFO main Main - 	Build Bean 	1638034
INFO main Main - 22

INFO main de.nrw.hbz.edoweb2.digitool.downloader.DigitoolDownloader - Create Directory /home/jan/edoweb/test/1638036 and start to Download files
INFO main Main - 	Build Bean 	1638036
INFO main Main - New Files Available: Start Ingest!
INFO main de.nrw.hbz.edoweb2.sync.FedoraIngester - INGEST: dtl:1638036
INFO main de.nrw.hbz.edoweb2.sync.FedoraIngester - 1638036: is a Amtsdruckschrift old style
