INFO main de.nrw.hbz.digitool.downloader.DigitoolDownloader - Create Directory /tmp/zbmed/4053655 and start to Download files
INFO main de.nrw.hbz.digitool.downloader.DigitoolDownloader - Create Directory /tmp/zbmed/4053655 and start to Download files
INFO main de.nrw.hbz.digitool.downloader.DigitoolDownloader - Directory /tmp/zbmed/4053655 exists. Force override.
INFO main de.nrw.hbz.digitool.downloader.DigitoolDownloader - Directory /tmp/zbmed/4053655 exists. Force override.
WARN main de.nrw.hbz.digitool.downloader.DigitoolDownloader - http://www.vorarlberg.at/publikationen/umwelt_und_lebensmittel/GG/SLV/Band59BewertungDesÖsterreichischenBodenseeufersLibellenfauna.pdf
INFO main de.nrw.hbz.digitool.downloader.DigitoolDownloader - Directory /tmp/zbmed/4053655 exists. Force override.
WARN main de.nrw.hbz.digitool.downloader.DigitoolDownloader - File Not Found: http://www.vorarlberg.at/publikationen/umwelt_und_lebensmittel/GG/SLV/Band59BewertungDesÖsterreichischenBodenseeufersLibellenfauna.pdf
INFO main de.nrw.hbz.digitool.downloader.DigitoolDownloader - Directory /tmp/zbmed/4053655 exists. Force override.
WARN main de.nrw.hbz.digitool.downloader.DigitoolDownloader - File Not Found: http://www.vorarlberg.at/publikationen/umwelt_und_lebensmittel/GG/SLV/Band59BewertungDesÖsterreichischenBodenseeufersLibellenfauna.pdf
INFO main de.nrw.hbz.digitool.downloader.DigitoolDownloader - Directory /tmp/zbmed/4053655 exists. Force override.
ERROR main de.nrw.hbz.digitool.downloader.DigitoolDownloader - File Not Found: http://www.vorarlberg.at/publikationen/umwelt_und_lebensmittel/GG/SLV/Band59BewertungDesÖsterreichischenBodenseeufersLibellenfauna.pdf
INFO main de.nrw.hbz.digitool.downloader.DigitoolDownloader - Directory /tmp/zbmed/4053655 exists. Force override.
ERROR main de.nrw.hbz.digitool.downloader.DigitoolDownloader - File Not Found (4053655): http://www.vorarlberg.at/publikationen/umwelt_und_lebensmittel/GG/SLV/Band59BewertungDesÖsterreichischenBodenseeufersLibellenfauna.pdf
INFO main de.nrw.hbz.digitool.downloader.DigitoolDownloader - Create Directory /tmp/zbmed/4053655 and start to Download files
INFO main de.nrw.hbz.digitool.downloader.DigitoolDownloader - Create Directory /tmp/zbmed/4053655 and start to Download files
INFO main de.nrw.hbz.digitool.downloader.DigitoolDownloader - Create Directory /tmp/zbmed/4053655 and start to Download files
INFO main de.nrw.hbz.digitool.downloader.DigitoolDownloader - Directory /tmp/zbmed/4053655 exists. Force override.
ERROR main de.nrw.hbz.digitool.downloader.DigitoolDownloader - File Not Found (4053655): http://www.vorarlberg.at/publikationen/umwelt_und_lebensmittel/GG/SLV/Band59BewertungDesÖsterreichischenBodenseeufersLibellenfauna.pdf
INFO main de.nrw.hbz.digitool.downloader.DigitoolDownloader - Directory /tmp/zbmed/4053655 exists. Force override.
ERROR main de.nrw.hbz.digitool.downloader.DigitoolDownloader - File Not Found (4053655): http://www.vorarlberg.at/publikationen/umwelt_und_lebensmittel/GG/SLV/Band59BewertungDesÖsterreichischenBodenseeufersLibellenfauna.pdf
INFO main de.nrw.hbz.digitool.downloader.DigitoolDownloader - Directory /tmp/zbmed/4053655 exists. Force override.
ERROR main de.nrw.hbz.digitool.downloader.DigitoolDownloader - File Not Found (4053655): http://www.vorarlberg.at/publikationen/umwelt_und_lebensmittel/GG/SLV/Band59BewertungDesÖsterreichischenBodenseeufersLibellenfauna.pdf
INFO main de.nrw.hbz.digitool.downloader.DigitoolDownloader - Directory /tmp/zbmed/4053655 exists. Force override.
ERROR main de.nrw.hbz.digitool.downloader.DigitoolDownloader - File Not Found (4053655): http://www.vorarlberg.at/publikationen/umwelt_und_lebensmittel/GG/SLV/Band59BewertungDesÖsterreichischenBodenseeufersLibellenfauna.pdf
INFO main de.nrw.hbz.digitool.downloader.DigitoolDownloader - Create Directory /tmp/zbmed/2413322 and start to Download files
INFO main de.nrw.hbz.digitool.downloader.DigitoolDownloader - Directory /tmp/zbmed/4053655 exists. Force override.
ERROR main de.nrw.hbz.digitool.downloader.DigitoolDownloader - File Not Found (4053655): http://www.vorarlberg.at/publikationen/umwelt_und_lebensmittel/GG/SLV/Band59BewertungDesÖsterreichischenBodenseeufersLibellenfauna.pdf
INFO main de.nrw.hbz.digitool.downloader.DigitoolDownloader - Directory /tmp/zbmed/2413322 exists. Force override.
INFO main de.nrw.hbz.digitool.downloader.DigitoolDownloader - Directory /tmp/zbmed/4053655 exists. Force override.
ERROR main de.nrw.hbz.digitool.downloader.DigitoolDownloader - File Not Found (4053655): http://www.vorarlberg.at/publikationen/umwelt_und_lebensmittel/GG/SLV/Band59BewertungDesÖsterreichischenBodenseeufersLibellenfauna.pdf
INFO main de.nrw.hbz.digitool.downloader.DigitoolDownloader - Directory /tmp/zbmed/2413322 exists. Force override.
INFO main de.nrw.hbz.digitool.downloader.DigitoolDownloader - Create Directory /tmp/zbmed/4053655 and start to Download files
INFO main de.nrw.hbz.schnasse.fedora.digitool.downloader.DigitoolDownloader - Create Directory /tmp/zbmed/4053655 and start to Download files
